[97m[01:44:00] [INFO] Run settings: quick_mode=False; use_gpu=True; verbose=False[0m
[97m[01:44:00] [INFO] [accel] Using GPU (CuPy) backend.[0m
[97m[01:44:00] [INFO] [cache] Test caching enabled (root: C:\LFM\build\cache\test_results)[0m
[97m[01:44:00] [INFO] [paths] OUTPUT ROOT = C:\LFM\workspace\src\results\Relativistic[0m
[97m[01:44:00] [INFO] === Running Single Test: REL-11 ===[0m
[97m[01:44:00] [INFO] -> Starting REL-11: Dispersion Relation — Non-relativistic (χ/k≈10) (4000 steps)[0m
[97m[01:44:00] [INFO] k = 7.669904, χ = 0.200000, χ/k = 0.0261[0m
[97m[01:44:00] [INFO] Theory: ω = 7.672511, ω²/k² = 1.000680[0m
[97m[01:44:01] [INFO] [REL-11] 5% complete[0m
[97m[01:44:01] [INFO] [REL-11] 10% complete[0m
[97m[01:44:01] [INFO] [REL-11] 15% complete[0m
[97m[01:44:01] [INFO] [REL-11] 20% complete[0m
[97m[01:44:02] [INFO] [REL-11] 25% complete[0m
[97m[01:44:02] [INFO] [REL-11] 30% complete[0m
[97m[01:44:03] [INFO] [REL-11] 35% complete[0m
[97m[01:44:03] [INFO] [REL-11] 40% complete[0m
[97m[01:44:03] [INFO] [REL-11] 45% complete[0m
[97m[01:44:04] [INFO] [REL-11] 50% complete[0m
[97m[01:44:04] [INFO] [REL-11] 55% complete[0m
[97m[01:44:05] [INFO] [REL-11] 60% complete[0m
[97m[01:44:05] [INFO] [REL-11] 65% complete[0m
[97m[01:44:05] [INFO] [REL-11] 70% complete[0m
[97m[01:44:06] [INFO] [REL-11] 75% complete[0m
[97m[01:44:06] [INFO] [REL-11] 80% complete[0m
[97m[01:44:07] [INFO] [REL-11] 85% complete[0m
[97m[01:44:07] [INFO] [REL-11] 90% complete[0m
[97m[01:44:07] [INFO] [REL-11] 95% complete[0m
[97m[01:44:08] [INFO] [REL-11] 100% complete[0m
[97m[01:44:08] [INFO] REL-11 PASS ✅ (ω²/k²_meas=1.002735, ω²/k²_theory=1.000680, err=0.205%)[0m
[97m[01:44:08] [INFO] === Test REL-11 Complete ===[0m
