[97m[01:46:01] [INFO] Run settings: quick_mode=True; use_gpu=True; verbose=True[0m
[97m[01:46:01] [INFO] [accel] Using GPU (CuPy) backend.[0m
[97m[01:46:01] [INFO] [cache] Test caching enabled (root: C:\LFM\build\cache\test_results)[0m
[97m[01:46:01] [INFO] === Running Single Test: GRAV-01 ===[0m
[97m[01:46:05] [INFO] -> Starting GRAV-01: Local frequency — linear χ-gradient (weak) (4800 steps)[0m
[97m[01:46:05] [INFO] Params: N=64³, steps=4800, quick=True[0m
[97m[01:46:06] [INFO] chi-field stats: profile=linear, min=-0.322500, max=0.622500, mean=0.150000[0m
[97m[01:46:06] [INFO] chi values: PROBE_A=(32, 32, 32) -> chi_A=0.1575, PROBE_B=(32, 32, 54) -> chi_B=0.4875[0m
[97m[01:46:06] [INFO] Local frequency mode: uniform field, single-step measurement[0m
[97m[01:46:06] [INFO] [GRAV-01/serial] step 0/4800[0m
[97m[01:46:06] [INFO] [GRAV-01/serial] step 200/4800[0m
[97m[01:46:06] [INFO] [GRAV-01] 5% complete (serial)[0m
[97m[01:46:07] [INFO] [GRAV-01/serial] step 400/4800[0m
[97m[01:46:07] [INFO] [GRAV-01] 10% complete (serial)[0m
[97m[01:46:07] [INFO] [GRAV-01/serial] step 600/4800[0m
[97m[01:46:08] [INFO] [GRAV-01] 15% complete (serial)[0m
[97m[01:46:08] [INFO] [GRAV-01/serial] step 800/4800[0m
[97m[01:46:08] [INFO] [GRAV-01] 20% complete (serial)[0m
[97m[01:46:09] [INFO] [GRAV-01/serial] step 1000/4800[0m
[97m[01:46:09] [INFO] [GRAV-01/serial] step 1200/4800[0m
[97m[01:46:09] [INFO] [GRAV-01] 25% complete (serial)[0m
[97m[01:46:10] [INFO] [GRAV-01/serial] step 1400/4800[0m
[97m[01:46:10] [INFO] [GRAV-01] 30% complete (serial)[0m
[97m[01:46:11] [INFO] [GRAV-01/serial] step 1600/4800[0m
[97m[01:46:11] [INFO] [GRAV-01] 35% complete (serial)[0m
[97m[01:46:11] [INFO] [GRAV-01/serial] step 1800/4800[0m
[97m[01:46:12] [INFO] [GRAV-01] 40% complete (serial)[0m
[97m[01:46:12] [INFO] [GRAV-01/serial] step 2000/4800[0m
[97m[01:46:12] [INFO] [GRAV-01] 45% complete (serial)[0m
[97m[01:46:13] [INFO] [GRAV-01/serial] step 2200/4800[0m
[97m[01:46:13] [INFO] [GRAV-01/serial] step 2400/4800[0m
[97m[01:46:13] [INFO] [GRAV-01] 50% complete (serial)[0m
[97m[01:46:14] [INFO] [GRAV-01/serial] step 2600/4800[0m
[97m[01:46:14] [INFO] [GRAV-01] 55% complete (serial)[0m
[97m[01:46:14] [INFO] [GRAV-01/serial] step 2800/4800[0m
[97m[01:46:15] [INFO] [GRAV-01] 60% complete (serial)[0m
[97m[01:46:15] [INFO] [GRAV-01/serial] step 3000/4800[0m
[97m[01:46:16] [INFO] [GRAV-01] 65% complete (serial)[0m
[97m[01:46:16] [INFO] [GRAV-01/serial] step 3200/4800[0m
[97m[01:46:16] [INFO] [GRAV-01] 70% complete (serial)[0m
[97m[01:46:17] [INFO] [GRAV-01/serial] step 3400/4800[0m
[97m[01:46:17] [INFO] [GRAV-01/serial] step 3600/4800[0m
[97m[01:46:17] [INFO] [GRAV-01] 75% complete (serial)[0m
[97m[01:46:18] [INFO] [GRAV-01/serial] step 3800/4800[0m
[97m[01:46:18] [INFO] [GRAV-01] 80% complete (serial)[0m
[97m[01:46:19] [INFO] [GRAV-01/serial] step 4000/4800[0m
[97m[01:46:19] [INFO] [GRAV-01] 85% complete (serial)[0m
[97m[01:46:19] [INFO] [GRAV-01/serial] step 4200/4800[0m
[97m[01:46:20] [INFO] [GRAV-01] 90% complete (serial)[0m
[97m[01:46:20] [INFO] [GRAV-01/serial] step 4400/4800[0m
[97m[01:46:20] [INFO] [GRAV-01] 95% complete (serial)[0m
[97m[01:46:20] [INFO] [GRAV-01/serial] step 4600/4800[0m
[97m[01:46:21] [INFO] [GRAV-01/par] step 0/4800[0m
[97m[01:46:31] [INFO] [GRAV-01/par] step 200/4800[0m
[97m[01:46:33] [INFO] [GRAV-01] 5% complete (parallel)[0m
[97m[01:46:40] [INFO] [GRAV-01/par] step 400/4800[0m
[97m[01:46:44] [INFO] [GRAV-01] 10% complete (parallel)[0m
[97m[01:46:49] [INFO] [GRAV-01/par] step 600/4800[0m
[97m[01:46:55] [INFO] [GRAV-01] 15% complete (parallel)[0m
[97m[01:46:59] [INFO] [GRAV-01/par] step 800/4800[0m
[97m[01:47:06] [INFO] [GRAV-01] 20% complete (parallel)[0m
[97m[01:47:08] [INFO] [GRAV-01/par] step 1000/4800[0m
[97m[01:47:18] [INFO] [GRAV-01/par] step 1200/4800[0m
[97m[01:47:18] [INFO] [GRAV-01] 25% complete (parallel)[0m
[97m[01:47:27] [INFO] [GRAV-01/par] step 1400/4800[0m
[97m[01:47:29] [INFO] [GRAV-01] 30% complete (parallel)[0m
[97m[01:47:37] [INFO] [GRAV-01/par] step 1600/4800[0m
[97m[01:47:41] [INFO] [GRAV-01] 35% complete (parallel)[0m
[97m[01:47:47] [INFO] [GRAV-01/par] step 1800/4800[0m
[97m[01:47:54] [INFO] [GRAV-01] 40% complete (parallel)[0m
[97m[01:47:58] [INFO] [GRAV-01/par] step 2000/4800[0m
[97m[01:48:07] [INFO] [GRAV-01] 45% complete (parallel)[0m
[97m[01:48:09] [INFO] [GRAV-01/par] step 2200/4800[0m
[97m[01:48:19] [INFO] [GRAV-01/par] step 2400/4800[0m
[97m[01:48:19] [INFO] [GRAV-01] 50% complete (parallel)[0m
[97m[01:48:29] [INFO] [GRAV-01/par] step 2600/4800[0m
[97m[01:48:30] [INFO] [GRAV-01] 55% complete (parallel)[0m
[97m[01:48:38] [INFO] [GRAV-01/par] step 2800/4800[0m
[97m[01:48:42] [INFO] [GRAV-01] 60% complete (parallel)[0m
[97m[01:48:47] [INFO] [GRAV-01/par] step 3000/4800[0m
[97m[01:48:53] [INFO] [GRAV-01] 65% complete (parallel)[0m
[97m[01:48:57] [INFO] [GRAV-01/par] step 3200/4800[0m
[97m[01:49:04] [INFO] [GRAV-01] 70% complete (parallel)[0m
[97m[01:49:06] [INFO] [GRAV-01/par] step 3400/4800[0m
[97m[01:49:16] [INFO] [GRAV-01/par] step 3600/4800[0m
[97m[01:49:16] [INFO] [GRAV-01] 75% complete (parallel)[0m
[97m[01:49:25] [INFO] [GRAV-01/par] step 3800/4800[0m
[97m[01:49:27] [INFO] [GRAV-01] 80% complete (parallel)[0m
[97m[01:49:35] [INFO] [GRAV-01/par] step 4000/4800[0m
[97m[01:49:38] [INFO] [GRAV-01] 85% complete (parallel)[0m
[97m[01:49:44] [INFO] [GRAV-01/par] step 4200/4800[0m
[97m[01:49:50] [INFO] [GRAV-01] 90% complete (parallel)[0m
[97m[01:49:54] [INFO] [GRAV-01/par] step 4400/4800[0m
[97m[01:50:01] [INFO] [GRAV-01] 95% complete (parallel)[0m
[97m[01:50:03] [INFO] [GRAV-01/par] step 4600/4800[0m
[97m[01:50:12] [INFO] χ-field: χ_center=0.157500, χ_edge=0.487500 (Δ=209.52%)[0m
[97m[01:50:12] [INFO] Theory predicts: ω_center=0.157500, ω_edge=0.487500 (shift=-67.69%)[0m
[97m[01:50:12] [INFO] Measured (serial): ω_center=0.157500, ω_edge=0.487500 (shift=-67.69%)[0m
[97m[01:50:12] [INFO] GRAV-01 PASS ✅ (ratio_err=0.00%)[0m
[97m[01:50:12] [INFO] === Test GRAV-01 Complete ===[0m
