[97m[01:44:11] [INFO] Run settings: quick_mode=True; use_gpu=True; verbose=True[0m
[97m[01:44:11] [INFO] [accel] Using GPU (CuPy) backend.[0m
[97m[01:44:11] [INFO] [cache] Test caching enabled (root: C:\LFM\build\cache\test_results)[0m
[97m[01:44:11] [INFO] === Running Single Test: GRAV-11 ===[0m
[97m[01:44:11] [INFO] -> Starting GRAV-11: Time delay — packet through χ slab (Shapiro-like) (2400 steps)[0m
[97m[01:44:11] [INFO] Params: N=64³, steps=2400, quick=True[0m
[97m[01:44:12] [INFO] chi-field stats: profile=slab_x, min=0.050000, max=0.300000, mean=0.065625[0m
[97m[01:44:12] [INFO]   Expected: chi_bg=0.050000, chi_slab=0.300000[0m
[97m[01:44:12] [INFO] chi values: PROBE_A=22 -> chi_A=0.0500, PROBE_B=6 -> chi_B=0.0500[0m
[97m[01:44:12] [INFO] SLAB RUN INITIAL CONDITIONS: k_fraction=0.125000, kx=0.392699, omega_bg=0.395869[0m
[97m[01:44:12] [INFO] [GRAV-11/serial] step 0/2400[0m
[97m[01:44:12] [INFO] [GRAV-11] 5% complete (serial)[0m
[97m[01:44:12] [INFO] [GRAV-11/serial] step 200/2400[0m
[97m[01:44:12] [INFO] [GRAV-11] 10% complete (serial)[0m
[97m[01:44:12] [INFO] [GRAV-11] 15% complete (serial)[0m
[97m[01:44:12] [INFO] [GRAV-11/serial] step 400/2400[0m
[97m[01:44:13] [INFO] [GRAV-11] 20% complete (serial)[0m
[97m[01:44:13] [INFO] [GRAV-11/serial] step 600/2400[0m
[97m[01:44:13] [INFO] [GRAV-11] 25% complete (serial)[0m
[97m[01:44:13] [INFO] [GRAV-11] 30% complete (serial)[0m
[97m[01:44:13] [INFO] [GRAV-11/serial] step 800/2400[0m
[97m[01:44:13] [INFO] [GRAV-11] 35% complete (serial)[0m
[97m[01:44:14] [INFO] [GRAV-11] 40% complete (serial)[0m
[97m[01:44:14] [INFO] [GRAV-11/serial] step 1000/2400[0m
[97m[01:44:14] [INFO] [GRAV-11] 45% complete (serial)[0m
[97m[01:44:14] [INFO] [GRAV-11/serial] step 1200/2400[0m
[97m[01:44:14] [INFO] [GRAV-11] 50% complete (serial)[0m
[97m[01:44:15] [INFO] [GRAV-11] 55% complete (serial)[0m
[97m[01:44:15] [INFO] [GRAV-11/serial] step 1400/2400[0m
[97m[01:44:15] [INFO] [GRAV-11] 60% complete (serial)[0m
[97m[01:44:15] [INFO] [GRAV-11] 65% complete (serial)[0m
[97m[01:44:15] [INFO] [GRAV-11/serial] step 1600/2400[0m
[97m[01:44:15] [INFO] [GRAV-11] 70% complete (serial)[0m
[97m[01:44:16] [INFO] [GRAV-11/serial] step 1800/2400[0m
[97m[01:44:16] [INFO] [GRAV-11] 75% complete (serial)[0m
[97m[01:44:16] [INFO] [GRAV-11] 80% complete (serial)[0m
[97m[01:44:16] [INFO] [GRAV-11/serial] step 2000/2400[0m
[97m[01:44:16] [INFO] [GRAV-11] 85% complete (serial)[0m
[97m[01:44:17] [INFO] [GRAV-11] 90% complete (serial)[0m
[97m[01:44:17] [INFO] [GRAV-11/serial] step 2200/2400[0m
[97m[01:44:17] [INFO] [GRAV-11] 95% complete (serial)[0m
[97m[01:44:17] [INFO] Wrote packet tracking: packet_tracking_GRAV-11_serial.csv[0m
[97m[01:44:17] [INFO] Wrote centroid tracking: centroid_tracking_GRAV-11_serial.csv[0m
[97m[01:44:18] [INFO] [GRAV-11/par] step 0/2400[0m
[97m[01:44:19] [INFO] [GRAV-11] 5% complete (parallel)[0m
[97m[01:44:20] [INFO] [GRAV-11/par] step 200/2400[0m
[97m[01:44:20] [INFO] [GRAV-11] 10% complete (parallel)[0m
[97m[01:44:22] [INFO] [GRAV-11] 15% complete (parallel)[0m
[97m[01:44:22] [INFO] [GRAV-11/par] step 400/2400[0m
[97m[01:44:23] [INFO] [GRAV-11] 20% complete (parallel)[0m
[97m[01:44:25] [INFO] [GRAV-11/par] step 600/2400[0m
[97m[01:44:25] [INFO] [GRAV-11] 25% complete (parallel)[0m
[97m[01:44:26] [INFO] [GRAV-11] 30% complete (parallel)[0m
[97m[01:44:27] [INFO] [GRAV-11/par] step 800/2400[0m
[97m[01:44:28] [INFO] [GRAV-11] 35% complete (parallel)[0m
[97m[01:44:29] [INFO] [GRAV-11] 40% complete (parallel)[0m
[97m[01:44:30] [INFO] [GRAV-11/par] step 1000/2400[0m
[97m[01:44:31] [INFO] [GRAV-11] 45% complete (parallel)[0m
[97m[01:44:32] [INFO] [GRAV-11/par] step 1200/2400[0m
[97m[01:44:32] [INFO] [GRAV-11] 50% complete (parallel)[0m
[97m[01:44:33] [INFO] [GRAV-11] 55% complete (parallel)[0m
[97m[01:44:34] [INFO] [GRAV-11/par] step 1400/2400[0m
[97m[01:44:35] [INFO] [GRAV-11] 60% complete (parallel)[0m
[97m[01:44:36] [INFO] [GRAV-11] 65% complete (parallel)[0m
[97m[01:44:36] [INFO] [GRAV-11/par] step 1600/2400[0m
[97m[01:44:37] [INFO] [GRAV-11] 70% complete (parallel)[0m
[97m[01:44:38] [INFO] [GRAV-11/par] step 1800/2400[0m
[97m[01:44:38] [INFO] [GRAV-11] 75% complete (parallel)[0m
[97m[01:44:40] [INFO] [GRAV-11] 80% complete (parallel)[0m
[97m[01:44:41] [INFO] [GRAV-11/par] step 2000/2400[0m
[97m[01:44:41] [INFO] [GRAV-11] 85% complete (parallel)[0m
[97m[01:44:42] [INFO] [GRAV-11] 90% complete (parallel)[0m
[97m[01:44:43] [INFO] [GRAV-11/par] step 2200/2400[0m
[97m[01:44:44] [INFO] [GRAV-11] 95% complete (parallel)[0m
[97m[01:44:45] [INFO] Wrote packet tracking: packet_tracking_GRAV-11_parallel.csv[0m
[97m[01:44:45] [INFO] Control run chi-field: min=0.050000, max=0.050000, expected uniform=0.050000[0m
[97m[01:44:45] [INFO] omega_ctrl=0.395869, expected=0.395869[0m
[97m[01:44:45] [INFO] vg_ctrl=0.991992, expected=0.991992[0m
[97m[01:44:45] [INFO] CHI AT SLAB CENTER (x=19): slab_field=0.300000, ctrl_field=0.050000[0m
[97m[01:44:45] [INFO] Expected: slab_field=0.30 (chi_slab), ctrl_field=0.05 (chi_bg)[0m
[97m[01:44:52] [INFO] Wrote control centroid tracking: centroid_tracking_GRAV-11_control.csv[0m
[97m[01:44:52] [INFO] Wrote control peak tracking: packet_tracking_GRAV-11_control.csv[0m
[97m[01:44:52] [INFO] Wrote detector signals: detector_signal_GRAV-11_slab.csv, detector_signal_GRAV-11_control.csv[0m
[93m[01:44:52] [WARN] WARNING: Detected inverted timing - swapping slab/control labels[0m
[97m[01:44:52] [INFO] PEAK-BASED (x=21.1): slab=20.780000s, control=20.030000s, delay=0.750000s[0m
[97m[01:44:52] [INFO] Arrival times: slab=20.780000s, control=20.030000s; delay=0.750000s (theory 0.961315s)[0m
[97m[01:44:52] [INFO] χ slab delay: measured=0.750000s, theory=0.961315s, rel_err=21.98%[0m
[97m[01:44:52] [INFO] GRAV-11 PASS ✅ (ratio_err=21.98%)[0m
[97m[01:44:52] [INFO] === Test GRAV-11 Complete ===[0m
