[97m[01:43:41] [INFO] Run settings: quick_mode=True; use_gpu=True; verbose=True[0m
[97m[01:43:41] [INFO] [accel] Using GPU (CuPy) backend.[0m
[97m[01:43:41] [INFO] [cache] Test caching enabled (root: C:\LFM\build\cache\test_results)[0m
[97m[01:43:41] [INFO] === Running Single Test: GRAV-09 ===[0m
[97m[01:43:41] [INFO] -> Starting GRAV-09: Time dilation — 2x refined grid (N=128, dx=0.5) (30800 steps)[0m
[97m[01:43:41] [INFO] Params: N=128³, steps=30800, quick=True[0m
[97m[01:43:42] [INFO] chi values: PROBE_A=(64, 64, 32) -> chi_A=0.2045, PROBE_B=(64, 64, 96) -> chi_B=0.1996[0m
[97m[01:43:42] [INFO] Time dilation mode: bound states in wells, sigma_well=9.0, separation=64 cells (7.1σ), 30800 steps[0m
[97m[01:43:42] [INFO] [GRAV-09/serial] step 0/30800[0m
[97m[01:43:45] [INFO] [GRAV-09/serial] step 200/30800[0m
[97m[01:43:47] [INFO] [GRAV-09/serial] step 400/30800[0m
[97m[01:43:50] [INFO] [GRAV-09/serial] step 600/30800[0m
[97m[01:43:53] [INFO] [GRAV-09/serial] step 800/30800[0m
[97m[01:43:56] [INFO] [GRAV-09/serial] step 1000/30800[0m
[97m[01:43:58] [INFO] [GRAV-09/serial] step 1200/30800[0m
[97m[01:44:00] [INFO] [GRAV-09/serial] step 1400/30800[0m
[97m[01:44:01] [INFO] [GRAV-09] 5% complete (serial)[0m
[97m[01:44:02] [INFO] [GRAV-09/serial] step 1600/30800[0m
[97m[01:44:05] [INFO] [GRAV-09/serial] step 1800/30800[0m
[97m[01:44:08] [INFO] [GRAV-09/serial] step 2000/30800[0m
[97m[01:44:10] [INFO] [GRAV-09/serial] step 2200/30800[0m
[97m[01:44:13] [INFO] [GRAV-09/serial] step 2400/30800[0m
[97m[01:44:16] [INFO] [GRAV-09/serial] step 2600/30800[0m
[97m[01:44:20] [INFO] [GRAV-09/serial] step 2800/30800[0m
[97m[01:44:25] [INFO] [GRAV-09/serial] step 3000/30800[0m
[97m[01:44:26] [INFO] [GRAV-09] 10% complete (serial)[0m
[97m[01:44:29] [INFO] [GRAV-09/serial] step 3200/30800[0m
[97m[01:44:33] [INFO] [GRAV-09/serial] step 3400/30800[0m
[97m[01:44:37] [INFO] [GRAV-09/serial] step 3600/30800[0m
[97m[01:44:41] [INFO] [GRAV-09/serial] step 3800/30800[0m
[97m[01:44:45] [INFO] [GRAV-09/serial] step 4000/30800[0m
[97m[01:44:49] [INFO] [GRAV-09/serial] step 4200/30800[0m
[97m[01:44:53] [INFO] [GRAV-09/serial] step 4400/30800[0m
[97m[01:44:57] [INFO] [GRAV-09/serial] step 4600/30800[0m
[97m[01:44:57] [INFO] [GRAV-09] 15% complete (serial)[0m
[97m[01:45:01] [INFO] [GRAV-09/serial] step 4800/30800[0m
[97m[01:45:05] [INFO] [GRAV-09/serial] step 5000/30800[0m
[97m[01:45:09] [INFO] [GRAV-09/serial] step 5200/30800[0m
[97m[01:45:13] [INFO] [GRAV-09/serial] step 5400/30800[0m
[97m[01:45:17] [INFO] [GRAV-09/serial] step 5600/30800[0m
[97m[01:45:20] [INFO] [GRAV-09/serial] step 5800/30800[0m
[97m[01:45:24] [INFO] [GRAV-09/serial] step 6000/30800[0m
[97m[01:45:27] [INFO] [GRAV-09] 20% complete (serial)[0m
[97m[01:45:28] [INFO] [GRAV-09/serial] step 6200/30800[0m
[97m[01:45:32] [INFO] [GRAV-09/serial] step 6400/30800[0m
[97m[01:45:36] [INFO] [GRAV-09/serial] step 6600/30800[0m
[97m[01:45:40] [INFO] [GRAV-09/serial] step 6800/30800[0m
[97m[01:45:45] [INFO] [GRAV-09/serial] step 7000/30800[0m
[97m[01:45:50] [INFO] [GRAV-09/serial] step 7200/30800[0m
[97m[01:45:54] [INFO] [GRAV-09/serial] step 7400/30800[0m
[97m[01:45:58] [INFO] [GRAV-09/serial] step 7600/30800[0m
Traceback (most recent call last):
  File "C:\LFM\workspace\src\run_tier2_gravityanalogue.py", line 3156, in <module>
    main()
    ~~~~^^
  File "C:\LFM\workspace\src\run_tier2_gravityanalogue.py", line 3080, in main
    results = harness.run()
  File "C:\LFM\workspace\src\run_tier2_gravityanalogue.py", line 3020, in run
    res = self.run_variant(v)
  File "C:\LFM\workspace\src\run_tier2_gravityanalogue.py", line 1768, in run_variant
    mon_record(host_E, host_Ep, n)
    ~~~~~~~~~~^^^^^^^^^^^^^^^^^^^^
  File "C:\LFM\workspace\src\utils\energy_monitor.py", line 90, in record
    e_now = energy_total(to_numpy(E), to_numpy(E_prev), self.dt, self.dx, self.c, chi_np)
  File "C:\LFM\workspace\src\utils\lfm_diagnostics.py", line 63, in energy_total
    flat = dens.ravel()
KeyboardInterrupt
