[97m[01:44:42] [INFO] Run settings: quick_mode=True; use_gpu=True; verbose=True[0m
[97m[01:44:42] [INFO] [accel] Using GPU (CuPy) backend.[0m
[97m[01:44:42] [INFO] [cache] Test caching enabled (root: C:\LFM\build\cache\test_results)[0m
[97m[01:44:42] [INFO] === Running Single Test: GRAV-19 ===[0m
[97m[01:44:42] [INFO] -> Starting GRAV-19: Gravitational redshift — radial χ-profile (Schwarzschild analogue) (4800 steps)[0m
[97m[01:44:42] [INFO] Params: N=64³, steps=4800, quick=True[0m
[97m[01:44:42] [INFO] chi values: PROBE_A=(32, 32, 32) -> chi_A=0.3500, PROBE_B=(32, 32, 54) -> chi_B=0.1793[0m
[97m[01:44:42] [INFO] Local frequency mode: uniform field, single-step measurement[0m
[97m[01:44:42] [INFO] [GRAV-19/serial] step 0/4800[0m
[97m[01:44:43] [INFO] [GRAV-19/serial] step 200/4800[0m
[97m[01:44:43] [INFO] [GRAV-19] 5% complete (serial)[0m
[97m[01:44:44] [INFO] [GRAV-19/serial] step 400/4800[0m
[97m[01:44:44] [INFO] [GRAV-19] 10% complete (serial)[0m
[97m[01:44:45] [INFO] [GRAV-19/serial] step 600/4800[0m
[97m[01:44:46] [INFO] [GRAV-19] 15% complete (serial)[0m
[97m[01:44:46] [INFO] [GRAV-19/serial] step 800/4800[0m
[97m[01:44:47] [INFO] [GRAV-19] 20% complete (serial)[0m
[97m[01:44:47] [INFO] [GRAV-19/serial] step 1000/4800[0m
[97m[01:44:48] [INFO] [GRAV-19/serial] step 1200/4800[0m
[97m[01:44:48] [INFO] [GRAV-19] 25% complete (serial)[0m
[97m[01:44:49] [INFO] [GRAV-19/serial] step 1400/4800[0m
[97m[01:44:49] [INFO] [GRAV-19] 30% complete (serial)[0m
[97m[01:44:50] [INFO] [GRAV-19/serial] step 1600/4800[0m
[97m[01:44:50] [INFO] [GRAV-19] 35% complete (serial)[0m
[97m[01:44:51] [INFO] [GRAV-19/serial] step 1800/4800[0m
[97m[01:44:51] [INFO] [GRAV-19] 40% complete (serial)[0m
[97m[01:44:52] [INFO] [GRAV-19/serial] step 2000/4800[0m
[97m[01:44:52] [INFO] [GRAV-19] 45% complete (serial)[0m
[97m[01:44:53] [INFO] [GRAV-19/serial] step 2200/4800[0m
[97m[01:44:54] [INFO] [GRAV-19/serial] step 2400/4800[0m
[97m[01:44:54] [INFO] [GRAV-19] 50% complete (serial)[0m
[97m[01:44:54] [INFO] [GRAV-19/serial] step 2600/4800[0m
[97m[01:44:55] [INFO] [GRAV-19] 55% complete (serial)[0m
[97m[01:44:55] [INFO] [GRAV-19/serial] step 2800/4800[0m
[97m[01:44:56] [INFO] [GRAV-19] 60% complete (serial)[0m
[97m[01:44:56] [INFO] [GRAV-19/serial] step 3000/4800[0m
[97m[01:44:57] [INFO] [GRAV-19] 65% complete (serial)[0m
[97m[01:44:57] [INFO] [GRAV-19/serial] step 3200/4800[0m
[97m[01:44:58] [INFO] [GRAV-19] 70% complete (serial)[0m
[97m[01:44:58] [INFO] [GRAV-19/serial] step 3400/4800[0m
[97m[01:44:59] [INFO] [GRAV-19/serial] step 3600/4800[0m
[97m[01:44:59] [INFO] [GRAV-19] 75% complete (serial)[0m
[97m[01:45:00] [INFO] [GRAV-19/serial] step 3800/4800[0m
[97m[01:45:00] [INFO] [GRAV-19] 80% complete (serial)[0m
[97m[01:45:01] [INFO] [GRAV-19/serial] step 4000/4800[0m
[97m[01:45:01] [INFO] [GRAV-19] 85% complete (serial)[0m
[97m[01:45:02] [INFO] [GRAV-19/serial] step 4200/4800[0m
[97m[01:45:02] [INFO] [GRAV-19] 90% complete (serial)[0m
[97m[01:45:03] [INFO] [GRAV-19/serial] step 4400/4800[0m
[97m[01:45:04] [INFO] [GRAV-19] 95% complete (serial)[0m
[97m[01:45:04] [INFO] [GRAV-19/serial] step 4600/4800[0m
[97m[01:45:05] [INFO] [GRAV-19/par] step 0/4800[0m
[97m[01:45:17] [INFO] [GRAV-19/par] step 200/4800[0m
[97m[01:45:19] [INFO] [GRAV-19] 5% complete (parallel)[0m
[97m[01:45:29] [INFO] [GRAV-19/par] step 400/4800[0m
[97m[01:45:34] [INFO] [GRAV-19] 10% complete (parallel)[0m
[97m[01:45:41] [INFO] [GRAV-19/par] step 600/4800[0m
[97m[01:45:49] [INFO] [GRAV-19] 15% complete (parallel)[0m
[97m[01:45:54] [INFO] [GRAV-19/par] step 800/4800[0m
Traceback (most recent call last):
  File "C:\LFM\workspace\src\run_tier2_gravityanalogue.py", line 3156, in <module>
    main()
    ~~~~^^
  File "C:\LFM\workspace\src\run_tier2_gravityanalogue.py", line 3080, in main
    results = harness.run()
  File "C:\LFM\workspace\src\run_tier2_gravityanalogue.py", line 3020, in run
    res = self.run_variant(v)
  File "C:\LFM\workspace\src\run_tier2_gravityanalogue.py", line 1835, in run_variant
    E_next = run_lattice_local(E, params, 1, tiles=tiles3, E_prev=Ep)
  File "C:\LFM\workspace\src\core\lfm_parallel.py", line 224, in run_lattice
    E0_energy = energy_total(_as_numpy(E), _as_numpy(E_prev), dt, dx, c, chi_param)
  File "C:\LFM\workspace\src\utils\lfm_diagnostics.py", line 63, in energy_total
    flat = dens.ravel()
KeyboardInterrupt
