[97m[01:46:08] [INFO] Run settings: quick_mode=True; use_gpu=True; verbose=True[0m
[97m[01:46:08] [INFO] [accel] Using GPU (CuPy) backend.[0m
[97m[01:46:08] [INFO] [cache] Test caching enabled (root: C:\LFM\build\cache\test_results)[0m
[97m[01:46:08] [INFO] === Running Single Test: GRAV-05 ===[0m
[97m[01:46:08] [INFO] -> Starting GRAV-05: Local frequency — linear χ-gradient (moderate) (4800 steps)[0m
[97m[01:46:08] [INFO] Params: N=64³, steps=4800, quick=True[0m
[97m[01:46:08] [INFO] chi-field stats: profile=linear, min=-0.132000, max=0.372000, mean=0.120000[0m
[97m[01:46:08] [INFO] chi values: PROBE_A=(32, 32, 32) -> chi_A=0.1240, PROBE_B=(32, 32, 54) -> chi_B=0.3000[0m
[97m[01:46:08] [INFO] Local frequency mode: uniform field, single-step measurement[0m
[97m[01:46:08] [INFO] [GRAV-05/serial] step 0/4800[0m
[97m[01:46:09] [INFO] [GRAV-05/serial] step 200/4800[0m
[97m[01:46:09] [INFO] [GRAV-05] 5% complete (serial)[0m
[97m[01:46:09] [INFO] [GRAV-05/serial] step 400/4800[0m
[97m[01:46:10] [INFO] [GRAV-05] 10% complete (serial)[0m
[97m[01:46:10] [INFO] [GRAV-05/serial] step 600/4800[0m
[97m[01:46:10] [INFO] [GRAV-05] 15% complete (serial)[0m
[97m[01:46:11] [INFO] [GRAV-05/serial] step 800/4800[0m
[97m[01:46:11] [INFO] [GRAV-05] 20% complete (serial)[0m
[97m[01:46:11] [INFO] [GRAV-05/serial] step 1000/4800[0m
[97m[01:46:12] [INFO] [GRAV-05/serial] step 1200/4800[0m
[97m[01:46:12] [INFO] [GRAV-05] 25% complete (serial)[0m
[97m[01:46:13] [INFO] [GRAV-05/serial] step 1400/4800[0m
[97m[01:46:13] [INFO] [GRAV-05] 30% complete (serial)[0m
[97m[01:46:13] [INFO] [GRAV-05/serial] step 1600/4800[0m
[97m[01:46:14] [INFO] [GRAV-05] 35% complete (serial)[0m
[97m[01:46:14] [INFO] [GRAV-05/serial] step 1800/4800[0m
[97m[01:46:14] [INFO] [GRAV-05] 40% complete (serial)[0m
[97m[01:46:15] [INFO] [GRAV-05/serial] step 2000/4800[0m
[97m[01:46:15] [INFO] [GRAV-05] 45% complete (serial)[0m
[97m[01:46:15] [INFO] [GRAV-05/serial] step 2200/4800[0m
[97m[01:46:16] [INFO] [GRAV-05/serial] step 2400/4800[0m
[97m[01:46:16] [INFO] [GRAV-05] 50% complete (serial)[0m
[97m[01:46:17] [INFO] [GRAV-05/serial] step 2600/4800[0m
[97m[01:46:17] [INFO] [GRAV-05] 55% complete (serial)[0m
[97m[01:46:17] [INFO] [GRAV-05/serial] step 2800/4800[0m
[97m[01:46:18] [INFO] [GRAV-05] 60% complete (serial)[0m
[97m[01:46:18] [INFO] [GRAV-05/serial] step 3000/4800[0m
[97m[01:46:18] [INFO] [GRAV-05] 65% complete (serial)[0m
[97m[01:46:19] [INFO] [GRAV-05/serial] step 3200/4800[0m
[97m[01:46:19] [INFO] [GRAV-05] 70% complete (serial)[0m
[97m[01:46:19] [INFO] [GRAV-05/serial] step 3400/4800[0m
[97m[01:46:20] [INFO] [GRAV-05/serial] step 3600/4800[0m
[97m[01:46:20] [INFO] [GRAV-05] 75% complete (serial)[0m
[97m[01:46:21] [INFO] [GRAV-05/serial] step 3800/4800[0m
[97m[01:46:21] [INFO] [GRAV-05] 80% complete (serial)[0m
[97m[01:46:21] [INFO] [GRAV-05/serial] step 4000/4800[0m
[97m[01:46:21] [INFO] [GRAV-05] 85% complete (serial)[0m
[97m[01:46:22] [INFO] [GRAV-05/serial] step 4200/4800[0m
[97m[01:46:22] [INFO] [GRAV-05] 90% complete (serial)[0m
[97m[01:46:22] [INFO] [GRAV-05/serial] step 4400/4800[0m
[97m[01:46:23] [INFO] [GRAV-05] 95% complete (serial)[0m
[97m[01:46:23] [INFO] [GRAV-05/serial] step 4600/4800[0m
[97m[01:46:23] [INFO] [GRAV-05/par] step 0/4800[0m
[97m[01:46:33] [INFO] [GRAV-05/par] step 200/4800[0m
[97m[01:46:35] [INFO] [GRAV-05] 5% complete (parallel)[0m
[97m[01:46:42] [INFO] [GRAV-05/par] step 400/4800[0m
[97m[01:46:46] [INFO] [GRAV-05] 10% complete (parallel)[0m
[97m[01:46:51] [INFO] [GRAV-05/par] step 600/4800[0m
[97m[01:46:57] [INFO] [GRAV-05] 15% complete (parallel)[0m
[97m[01:47:01] [INFO] [GRAV-05/par] step 800/4800[0m
[97m[01:47:09] [INFO] [GRAV-05] 20% complete (parallel)[0m
[97m[01:47:11] [INFO] [GRAV-05/par] step 1000/4800[0m
[97m[01:47:20] [INFO] [GRAV-05/par] step 1200/4800[0m
[97m[01:47:20] [INFO] [GRAV-05] 25% complete (parallel)[0m
[97m[01:47:30] [INFO] [GRAV-05/par] step 1400/4800[0m
[97m[01:47:32] [INFO] [GRAV-05] 30% complete (parallel)[0m
[97m[01:47:39] [INFO] [GRAV-05/par] step 1600/4800[0m
[97m[01:47:43] [INFO] [GRAV-05] 35% complete (parallel)[0m
[97m[01:47:50] [INFO] [GRAV-05/par] step 1800/4800[0m
[97m[01:47:57] [INFO] [GRAV-05] 40% complete (parallel)[0m
[97m[01:48:01] [INFO] [GRAV-05/par] step 2000/4800[0m
[97m[01:48:09] [INFO] [GRAV-05] 45% complete (parallel)[0m
[97m[01:48:11] [INFO] [GRAV-05/par] step 2200/4800[0m
[97m[01:48:21] [INFO] [GRAV-05/par] step 2400/4800[0m
[97m[01:48:21] [INFO] [GRAV-05] 50% complete (parallel)[0m
[97m[01:48:31] [INFO] [GRAV-05/par] step 2600/4800[0m
[97m[01:48:33] [INFO] [GRAV-05] 55% complete (parallel)[0m
[97m[01:48:40] [INFO] [GRAV-05/par] step 2800/4800[0m
[97m[01:48:44] [INFO] [GRAV-05] 60% complete (parallel)[0m
[97m[01:48:50] [INFO] [GRAV-05/par] step 3000/4800[0m
[97m[01:48:55] [INFO] [GRAV-05] 65% complete (parallel)[0m
[97m[01:48:59] [INFO] [GRAV-05/par] step 3200/4800[0m
[97m[01:49:07] [INFO] [GRAV-05] 70% complete (parallel)[0m
[97m[01:49:09] [INFO] [GRAV-05/par] step 3400/4800[0m
[97m[01:49:18] [INFO] [GRAV-05/par] step 3600/4800[0m
[97m[01:49:18] [INFO] [GRAV-05] 75% complete (parallel)[0m
[97m[01:49:27] [INFO] [GRAV-05/par] step 3800/4800[0m
[97m[01:49:29] [INFO] [GRAV-05] 80% complete (parallel)[0m
[97m[01:49:37] [INFO] [GRAV-05/par] step 4000/4800[0m
[97m[01:49:41] [INFO] [GRAV-05] 85% complete (parallel)[0m
[97m[01:49:46] [INFO] [GRAV-05/par] step 4200/4800[0m
[97m[01:49:52] [INFO] [GRAV-05] 90% complete (parallel)[0m
[97m[01:49:56] [INFO] [GRAV-05/par] step 4400/4800[0m
[97m[01:50:03] [INFO] [GRAV-05] 95% complete (parallel)[0m
[97m[01:50:05] [INFO] [GRAV-05/par] step 4600/4800[0m
[97m[01:50:14] [INFO] χ-field: χ_center=0.124000, χ_edge=0.300000 (Δ=141.94%)[0m
[97m[01:50:14] [INFO] Theory predicts: ω_center=0.124000, ω_edge=0.300000 (shift=-58.67%)[0m
[97m[01:50:14] [INFO] Measured (serial): ω_center=0.124000, ω_edge=0.300000 (shift=-58.67%)[0m
[97m[01:50:14] [INFO] GRAV-05 PASS ✅ (ratio_err=0.00%)[0m
[97m[01:50:14] [INFO] === Test GRAV-05 Complete ===[0m
