[97m[01:44:00] [INFO] Run settings: quick_mode=False; use_gpu=True; verbose=False[0m
[97m[01:44:00] [INFO] [accel] Using GPU (CuPy) backend.[0m
[97m[01:44:00] [INFO] [cache] Test caching enabled (root: C:\LFM\build\cache\test_results)[0m
[97m[01:44:00] [INFO] [paths] OUTPUT ROOT = C:\LFM\workspace\src\results\Relativistic[0m
[97m[01:44:00] [INFO] === Running Single Test: REL-12 ===[0m
[97m[01:44:00] [INFO] -> Starting REL-12: Dispersion Relation — Weakly Relativistic (χ/k≈1) (4000 steps)[0m
[97m[01:44:00] [INFO] k = 19.941750, χ = 0.050000, χ/k = 0.0025[0m
[97m[01:44:00] [INFO] Theory: ω = 19.941813, ω²/k² = 1.000006[0m
[97m[01:44:01] [INFO] [REL-12] 5% complete[0m
[97m[01:44:01] [INFO] [REL-12] 10% complete[0m
[97m[01:44:01] [INFO] [REL-12] 15% complete[0m
[97m[01:44:01] [INFO] [REL-12] 20% complete[0m
[97m[01:44:02] [INFO] [REL-12] 25% complete[0m
[97m[01:44:02] [INFO] [REL-12] 30% complete[0m
[97m[01:44:03] [INFO] [REL-12] 35% complete[0m
[97m[01:44:03] [INFO] [REL-12] 40% complete[0m
[97m[01:44:03] [INFO] [REL-12] 45% complete[0m
[97m[01:44:04] [INFO] [REL-12] 50% complete[0m
[97m[01:44:04] [INFO] [REL-12] 55% complete[0m
[97m[01:44:05] [INFO] [REL-12] 60% complete[0m
[97m[01:44:05] [INFO] [REL-12] 65% complete[0m
[97m[01:44:05] [INFO] [REL-12] 70% complete[0m
[97m[01:44:06] [INFO] [REL-12] 75% complete[0m
[97m[01:44:06] [INFO] [REL-12] 80% complete[0m
[97m[01:44:07] [INFO] [REL-12] 85% complete[0m
[97m[01:44:07] [INFO] [REL-12] 90% complete[0m
[97m[01:44:07] [INFO] [REL-12] 95% complete[0m
[97m[01:44:08] [INFO] [REL-12] 100% complete[0m
[97m[01:44:08] [INFO] REL-12 PASS ✅ (ω²/k²_meas=0.997087, ω²/k²_theory=1.000006, err=0.292%)[0m
[97m[01:44:08] [INFO] === Test REL-12 Complete ===[0m
