[97m[01:44:01] [INFO] Run settings: quick_mode=False; use_gpu=True; verbose=False[0m
[97m[01:44:01] [INFO] [accel] Using GPU (CuPy) backend.[0m
[97m[01:44:01] [INFO] [cache] Test caching enabled (root: C:\LFM\build\cache\test_results)[0m
[97m[01:44:01] [INFO] [paths] OUTPUT ROOT = C:\LFM\workspace\src\results\Relativistic[0m
[97m[01:44:01] [INFO] === Running Single Test: REL-14 ===[0m
[97m[01:44:01] [INFO] -> Starting REL-14: Dispersion Relation — Ultra-relativistic (χ/k≈0.1) (4000 steps)[0m
[97m[01:44:01] [INFO] k = 58.291270, χ = 0.015000, χ/k = 0.0003[0m
[97m[01:44:01] [INFO] Theory: ω = 58.291272, ω²/k² = 1.000000[0m
[97m[01:44:01] [INFO] [REL-14] 5% complete[0m
[97m[01:44:02] [INFO] [REL-14] 10% complete[0m
[97m[01:44:02] [INFO] [REL-14] 15% complete[0m
[97m[01:44:02] [INFO] [REL-14] 20% complete[0m
[97m[01:44:03] [INFO] [REL-14] 25% complete[0m
[97m[01:44:03] [INFO] [REL-14] 30% complete[0m
[97m[01:44:04] [INFO] [REL-14] 35% complete[0m
[97m[01:44:04] [INFO] [REL-14] 40% complete[0m
[97m[01:44:04] [INFO] [REL-14] 45% complete[0m
[97m[01:44:05] [INFO] [REL-14] 50% complete[0m
[97m[01:44:05] [INFO] [REL-14] 55% complete[0m
[97m[01:44:06] [INFO] [REL-14] 60% complete[0m
[97m[01:44:06] [INFO] [REL-14] 65% complete[0m
[97m[01:44:06] [INFO] [REL-14] 70% complete[0m
[97m[01:44:07] [INFO] [REL-14] 75% complete[0m
[97m[01:44:07] [INFO] [REL-14] 80% complete[0m
[97m[01:44:08] [INFO] [REL-14] 85% complete[0m
[97m[01:44:08] [INFO] [REL-14] 90% complete[0m
[97m[01:44:08] [INFO] [REL-14] 95% complete[0m
[97m[01:44:09] [INFO] [REL-14] 100% complete[0m
[97m[01:44:09] [INFO] REL-14 PASS ✅ (ω²/k²_meas=0.983747, ω²/k²_theory=1.000000, err=1.625%)[0m
[97m[01:44:09] [INFO] === Test REL-14 Complete ===[0m
