[97m[01:46:09] [INFO] Run settings: quick_mode=True; use_gpu=True; verbose=True[0m
[97m[01:46:09] [INFO] [accel] Using GPU (CuPy) backend.[0m
[97m[01:46:09] [INFO] [cache] Test caching enabled (root: C:\LFM\build\cache\test_results)[0m
[97m[01:46:09] [INFO] === Running Single Test: GRAV-06 ===[0m
[97m[01:46:09] [INFO] -> Starting GRAV-06: Local frequency — Gaussian well (stable reference) (4800 steps)[0m
[97m[01:46:09] [INFO] Params: N=64³, steps=4800, quick=True[0m
[97m[01:46:09] [INFO] chi values: PROBE_A=(32, 32, 32) -> chi_A=0.2498, PROBE_B=(32, 32, 54) -> chi_B=0.1327[0m
[97m[01:46:09] [INFO] Local frequency mode: uniform field, single-step measurement[0m
[97m[01:46:09] [INFO] [GRAV-06/serial] step 0/4800[0m
[97m[01:46:10] [INFO] [GRAV-06/serial] step 200/4800[0m
[97m[01:46:10] [INFO] [GRAV-06] 5% complete (serial)[0m
[97m[01:46:11] [INFO] [GRAV-06/serial] step 400/4800[0m
[97m[01:46:11] [INFO] [GRAV-06] 10% complete (serial)[0m
[97m[01:46:11] [INFO] [GRAV-06/serial] step 600/4800[0m
[97m[01:46:12] [INFO] [GRAV-06] 15% complete (serial)[0m
[97m[01:46:12] [INFO] [GRAV-06/serial] step 800/4800[0m
[97m[01:46:13] [INFO] [GRAV-06] 20% complete (serial)[0m
[97m[01:46:13] [INFO] [GRAV-06/serial] step 1000/4800[0m
[97m[01:46:13] [INFO] [GRAV-06/serial] step 1200/4800[0m
[97m[01:46:13] [INFO] [GRAV-06] 25% complete (serial)[0m
[97m[01:46:14] [INFO] [GRAV-06/serial] step 1400/4800[0m
[97m[01:46:14] [INFO] [GRAV-06] 30% complete (serial)[0m
[97m[01:46:15] [INFO] [GRAV-06/serial] step 1600/4800[0m
[97m[01:46:15] [INFO] [GRAV-06] 35% complete (serial)[0m
[97m[01:46:15] [INFO] [GRAV-06/serial] step 1800/4800[0m
[97m[01:46:16] [INFO] [GRAV-06] 40% complete (serial)[0m
[97m[01:46:16] [INFO] [GRAV-06/serial] step 2000/4800[0m
[97m[01:46:17] [INFO] [GRAV-06] 45% complete (serial)[0m
[97m[01:46:17] [INFO] [GRAV-06/serial] step 2200/4800[0m
[97m[01:46:17] [INFO] [GRAV-06/serial] step 2400/4800[0m
[97m[01:46:17] [INFO] [GRAV-06] 50% complete (serial)[0m
[97m[01:46:18] [INFO] [GRAV-06/serial] step 2600/4800[0m
[97m[01:46:18] [INFO] [GRAV-06] 55% complete (serial)[0m
[97m[01:46:19] [INFO] [GRAV-06/serial] step 2800/4800[0m
[97m[01:46:19] [INFO] [GRAV-06] 60% complete (serial)[0m
[97m[01:46:19] [INFO] [GRAV-06/serial] step 3000/4800[0m
[97m[01:46:20] [INFO] [GRAV-06] 65% complete (serial)[0m
[97m[01:46:20] [INFO] [GRAV-06/serial] step 3200/4800[0m
[97m[01:46:21] [INFO] [GRAV-06] 70% complete (serial)[0m
[97m[01:46:21] [INFO] [GRAV-06/serial] step 3400/4800[0m
[97m[01:46:21] [INFO] [GRAV-06/serial] step 3600/4800[0m
[97m[01:46:21] [INFO] [GRAV-06] 75% complete (serial)[0m
[97m[01:46:22] [INFO] [GRAV-06/serial] step 3800/4800[0m
[97m[01:46:22] [INFO] [GRAV-06] 80% complete (serial)[0m
[97m[01:46:22] [INFO] [GRAV-06/serial] step 4000/4800[0m
[97m[01:46:23] [INFO] [GRAV-06] 85% complete (serial)[0m
[97m[01:46:23] [INFO] [GRAV-06/serial] step 4200/4800[0m
[97m[01:46:23] [INFO] [GRAV-06] 90% complete (serial)[0m
[97m[01:46:23] [INFO] [GRAV-06/serial] step 4400/4800[0m
[97m[01:46:24] [INFO] [GRAV-06] 95% complete (serial)[0m
[97m[01:46:24] [INFO] [GRAV-06/serial] step 4600/4800[0m
[97m[01:46:25] [INFO] [GRAV-06/par] step 0/4800[0m
[97m[01:46:34] [INFO] [GRAV-06/par] step 200/4800[0m
[97m[01:46:36] [INFO] [GRAV-06] 5% complete (parallel)[0m
[97m[01:46:43] [INFO] [GRAV-06/par] step 400/4800[0m
[97m[01:46:47] [INFO] [GRAV-06] 10% complete (parallel)[0m
[97m[01:46:53] [INFO] [GRAV-06/par] step 600/4800[0m
[97m[01:46:58] [INFO] [GRAV-06] 15% complete (parallel)[0m
[97m[01:47:02] [INFO] [GRAV-06/par] step 800/4800[0m
[97m[01:47:10] [INFO] [GRAV-06] 20% complete (parallel)[0m
[97m[01:47:12] [INFO] [GRAV-06/par] step 1000/4800[0m
[97m[01:47:21] [INFO] [GRAV-06/par] step 1200/4800[0m
[97m[01:47:21] [INFO] [GRAV-06] 25% complete (parallel)[0m
[97m[01:47:31] [INFO] [GRAV-06/par] step 1400/4800[0m
[97m[01:47:33] [INFO] [GRAV-06] 30% complete (parallel)[0m
[97m[01:47:40] [INFO] [GRAV-06/par] step 1600/4800[0m
[97m[01:47:45] [INFO] [GRAV-06] 35% complete (parallel)[0m
[97m[01:47:51] [INFO] [GRAV-06/par] step 1800/4800[0m
[97m[01:47:58] [INFO] [GRAV-06] 40% complete (parallel)[0m
[97m[01:48:02] [INFO] [GRAV-06/par] step 2000/4800[0m
[97m[01:48:10] [INFO] [GRAV-06] 45% complete (parallel)[0m
[97m[01:48:12] [INFO] [GRAV-06/par] step 2200/4800[0m
[97m[01:48:22] [INFO] [GRAV-06/par] step 2400/4800[0m
[97m[01:48:22] [INFO] [GRAV-06] 50% complete (parallel)[0m
[97m[01:48:32] [INFO] [GRAV-06/par] step 2600/4800[0m
[97m[01:48:34] [INFO] [GRAV-06] 55% complete (parallel)[0m
[97m[01:48:41] [INFO] [GRAV-06/par] step 2800/4800[0m
[97m[01:48:45] [INFO] [GRAV-06] 60% complete (parallel)[0m
[97m[01:48:50] [INFO] [GRAV-06/par] step 3000/4800[0m
[97m[01:48:56] [INFO] [GRAV-06] 65% complete (parallel)[0m
[97m[01:49:00] [INFO] [GRAV-06/par] step 3200/4800[0m
[97m[01:49:07] [INFO] [GRAV-06] 70% complete (parallel)[0m
[97m[01:49:09] [INFO] [GRAV-06/par] step 3400/4800[0m
[97m[01:49:19] [INFO] [GRAV-06/par] step 3600/4800[0m
[97m[01:49:19] [INFO] [GRAV-06] 75% complete (parallel)[0m
[97m[01:49:28] [INFO] [GRAV-06/par] step 3800/4800[0m
[97m[01:49:30] [INFO] [GRAV-06] 80% complete (parallel)[0m
[97m[01:49:37] [INFO] [GRAV-06/par] step 4000/4800[0m
[97m[01:49:41] [INFO] [GRAV-06] 85% complete (parallel)[0m
[97m[01:49:47] [INFO] [GRAV-06/par] step 4200/4800[0m
[97m[01:49:53] [INFO] [GRAV-06] 90% complete (parallel)[0m
[97m[01:49:56] [INFO] [GRAV-06/par] step 4400/4800[0m
[97m[01:50:04] [INFO] [GRAV-06] 95% complete (parallel)[0m
[97m[01:50:06] [INFO] [GRAV-06/par] step 4600/4800[0m
[97m[01:50:14] [INFO] χ-field: χ_center=0.249766, χ_edge=0.132691 (Δ=46.87%)[0m
[97m[01:50:14] [INFO] Theory predicts: ω_center=0.249766, ω_edge=0.132691 (shift=88.23%)[0m
[97m[01:50:14] [INFO] Measured (serial): ω_center=0.249766, ω_edge=0.132691 (shift=88.23%)[0m
[97m[01:50:14] [INFO] GRAV-06 PASS ✅ (ratio_err=0.00%)[0m
[97m[01:50:14] [INFO] === Test GRAV-06 Complete ===[0m
